>> Building app='/Users/dmitrymedvedev/projects/kinesis-bridge-zmk' for board='nrf52840dongle' (workspace: /Users/dmitrymedvedev/ncs-workspace, build dir: /Users/dmitrymedvedev/projects/kinesis-bridge-zmk/build, --no-sysbuild, --pristine) ...
-- west build: generating a build system
Loading Zephyr default modules (Zephyr base).
-- Application: /Users/dmitrymedvedev/projects/kinesis-bridge-zmk
-- CMake version: 4.1.0
-- Found Python3: /Users/dmitrymedvedev/.local/pipx/venvs/west/bin/python (found suitable version "3.13.5", minimum required is "3.10") found components: Interpreter
-- Cache files will be written to: /Users/dmitrymedvedev/Library/Caches/zephyr
-- Zephyr version: 4.0.99 (/Users/dmitrymedvedev/ncs-workspace/zephyr)
-- Found west (found suitable version "1.4.0", minimum required is "0.14.0")
-- Board: nrf52840dongle, qualifiers: nrf52840
-- Found host-tools: zephyr 0.17.2 (/Users/dmitrymedvedev/zephyr-sdk/zephyr-sdk-0.17.2)
-- Found toolchain: zephyr 0.17.2 (/Users/dmitrymedvedev/zephyr-sdk/zephyr-sdk-0.17.2)
-- Found Dtc: /usr/local/bin/dtc (found suitable version "1.7.2", minimum required is "1.4.6")
-- Found BOARD.dts: /Users/dmitrymedvedev/ncs-workspace/zephyr/boards/nordic/nrf52840dongle/nrf52840dongle_nrf52840.dts
-- Generated zephyr.dts: /Users/dmitrymedvedev/projects/kinesis-bridge-zmk/build/zephyr/zephyr.dts
-- Generated pickled edt: /Users/dmitrymedvedev/projects/kinesis-bridge-zmk/build/zephyr/edt.pickle
-- Generated zephyr.dts: /Users/dmitrymedvedev/projects/kinesis-bridge-zmk/build/zephyr/zephyr.dts
-- Generated devicetree_generated.h: /Users/dmitrymedvedev/projects/kinesis-bridge-zmk/build/zephyr/include/generated/zephyr/devicetree_generated.h
-- Including generated dts.cmake file: /Users/dmitrymedvedev/projects/kinesis-bridge-zmk/build/zephyr/dts.cmake
Parsing /Users/dmitrymedvedev/projects/kinesis-bridge-zmk/Kconfig
Loaded configuration '/Users/dmitrymedvedev/ncs-workspace/zephyr/boards/nordic/nrf52840dongle/nrf52840dongle_nrf52840_defconfig'
Merged configuration '/Users/dmitrymedvedev/projects/kinesis-bridge-zmk/prj.conf'
Configuration saved to '/Users/dmitrymedvedev/projects/kinesis-bridge-zmk/build/zephyr/.config'
Kconfig header saved to '/Users/dmitrymedvedev/projects/kinesis-bridge-zmk/build/zephyr/include/generated/zephyr/autoconf.h'
-- Found GnuLd: /Users/dmitrymedvedev/zephyr-sdk/zephyr-sdk-0.17.2/arm-zephyr-eabi/arm-zephyr-eabi/bin/ld.bfd (found version "2.38")
-- The C compiler identification is GNU 12.2.0
-- The CXX compiler identification is GNU 12.2.0
-- The ASM compiler identification is GNU
-- Found assembler: /Users/dmitrymedvedev/zephyr-sdk/zephyr-sdk-0.17.2/arm-zephyr-eabi/bin/arm-zephyr-eabi-gcc
CMake Warning at /Users/dmitrymedvedev/ncs-workspace/zephyr/subsys/usb/device/CMakeLists.txt:22 (message):
  CONFIG_USB_DEVICE_VID has default value 0x2FE3.

  This value is only for testing and MUST be configured for USB products.


CMake Warning at /Users/dmitrymedvedev/ncs-workspace/zephyr/subsys/usb/device/CMakeLists.txt:28 (message):
  CONFIG_USB_DEVICE_PID has default value 0x100.

  This value is only for testing and MUST be configured for USB products.


CMake Warning at /Users/dmitrymedvedev/ncs-workspace/zephyr/subsys/bluetooth/host/CMakeLists.txt:90 (message):
  CONFIG_BT_FIXED_PASSKEY is enabled

    A fixed passkey is easy to deduce during the pairing procedure, do not use in
    production.


=========== Generating psa_crypto_config ===============
Backup: CONFIG_MBEDTLS_PSA_CRYPTO_SPM: False
Backup: CONFIG_MBEDTLS_PSA_CRYPTO_C: True
Backup: CONFIG_MBEDTLS_PSA_CRYPTO_KEY_ID_ENCODES_OWNER: False
Backup: CONFIG_MBEDTLS_PLATFORM_SETUP_TEARDOWN_ALT: False
Backup: CONFIG_MBEDTLS_THREADING: False
Backup: CONFIG_MBEDTLS_THREADING_ALT: True
=========== Checkpoint: backup ===============
Restore: CONFIG_MBEDTLS_PSA_CRYPTO_SPM: False
Restore: CONFIG_MBEDTLS_PSA_CRYPTO_C: True
Restore: CONFIG_MBEDTLS_PSA_CRYPTO_KEY_ID_ENCODES_OWNER: False
Restore: CONFIG_MBEDTLS_PLATFORM_SETUP_TEARDOWN_ALT: False
Restore: CONFIG_MBEDTLS_THREADING: False
Restore: CONFIG_MBEDTLS_THREADING_ALT: True
=========== End psa_crypto_config ===============
=========== Generating psa_crypto_library_config ===============
Backup: CONFIG_MBEDTLS_PSA_CRYPTO_C: True
Backup: CONFIG_MBEDTLS_PSA_CRYPTO_KEY_ID_ENCODES_OWNER: False
Backup: CONFIG_MBEDTLS_PSA_CRYPTO_SPM: False
Backup: CONFIG_MBEDTLS_USE_PSA_CRYPTO: True
Backup: CONFIG_MBEDTLS_PLATFORM_PRINTF_ALT: False
Backup: CONFIG_MBEDTLS_THREADING: False
Backup: CONFIG_MBEDTLS_THREADING_ALT: True
=========== Checkpoint: backup ===============
Restore: CONFIG_MBEDTLS_PSA_CRYPTO_C: True
Restore: CONFIG_MBEDTLS_PSA_CRYPTO_KEY_ID_ENCODES_OWNER: False
Restore: CONFIG_MBEDTLS_PSA_CRYPTO_SPM: False
Restore: CONFIG_MBEDTLS_USE_PSA_CRYPTO: True
Restore: CONFIG_MBEDTLS_PLATFORM_PRINTF_ALT: False
Restore: CONFIG_MBEDTLS_THREADING: False
Restore: CONFIG_MBEDTLS_THREADING_ALT: True
=========== End psa_crypto_library_config ===============
-- Using ccache: /usr/local/bin/ccache
-- Configuring done (12.0s)
-- Generating done (0.4s)
-- Build files have been written to: /Users/dmitrymedvedev/projects/kinesis-bridge-zmk/build
-- west build: building application
[1/302] Preparing syscall dependency handling

[2/302] Generating ../../zephyr/include/generated/zephyr_commit.h
[3/302] Generating ../../zephyr/include/generated/ncs_commit.h
[4/302] Generating ../../zephyr/include/generated/ncs_version.h
[5/302] Generating misc/generated/syscalls_subdirs.trigger
[6/302] Generating include/generated/zephyr/version.h
-- Zephyr version: 4.0.99 (/Users/dmitrymedvedev/ncs-workspace/zephyr), build: v4.0.99-ncs1-2
[7/302] Generating misc/generated/syscalls.json, misc/generated/struct_tags.json
[8/302] Generating include/generated/device-api-sections.ld, include/generated/device-api-sections.cmake
[9/302] Generating include/generated/zephyr/syscall_dispatch.c, include/generated/zephyr/syscall_exports_llext.c, syscall_weakdefs_llext.c, include/generated/zephyr/syscall_list.h
[10/302] Generating include/generated/zephyr/kobj-types-enum.h, include/generated/zephyr/otype-to-str.h, include/generated/zephyr/otype-to-size.h
[11/302] Generating include/generated/zephyr/driver-validation.h
[12/302] Building C object modules/nrf/subsys/nrf_security/src/CMakeFiles/mbedcrypto_base.dir/Users/dmitrymedvedev/ncs-workspace/modules/crypto/mbedtls/library/asn1write.c.obj
[13/302] Building C object modules/nrf/subsys/nrf_security/src/CMakeFiles/mbedcrypto_base.dir/Users/dmitrymedvedev/ncs-workspace/modules/crypto/mbedtls/library/asn1parse.c.obj
[14/302] Building C object modules/nrf/subsys/nrf_security/src/CMakeFiles/mbedcrypto_base.dir/Users/dmitrymedvedev/ncs-workspace/modules/crypto/mbedtls/library/base64.c.obj
[15/302] Building C object modules/nrf/subsys/nrf_security/src/CMakeFiles/mbedcrypto_base.dir/Users/dmitrymedvedev/ncs-workspace/modules/crypto/mbedtls/library/bignum.c.obj
[16/302] Building C object modules/nrf/subsys/nrf_security/src/CMakeFiles/mbedcrypto_base.dir/Users/dmitrymedvedev/ncs-workspace/modules/crypto/mbedtls/library/bignum_core.c.obj
[17/302] Building C object modules/nrf/subsys/nrf_security/src/CMakeFiles/mbedcrypto_base.dir/Users/dmitrymedvedev/ncs-workspace/modules/crypto/mbedtls/library/nist_kw.c.obj
[18/302] Building C object modules/nrf/subsys/nrf_security/src/CMakeFiles/nrf_security_utils.dir/utils/nrf_security_mutexes.c.obj
[19/302] Building C object modules/nrf/subsys/nrf_security/src/CMakeFiles/nrf_security_utils.dir/utils/nrf_security_events.c.obj
[20/302] Building C object modules/nrf/subsys/nrf_security/src/CMakeFiles/mbedcrypto_base.dir/Users/dmitrymedvedev/ncs-workspace/modules/crypto/mbedtls/library/block_cipher.c.obj
[21/302] Building C object modules/nrf/subsys/nrf_security/src/CMakeFiles/mbedcrypto_base.dir/Users/dmitrymedvedev/ncs-workspace/modules/crypto/mbedtls/library/oid.c.obj
[22/302] Building C object modules/nrf/subsys/nrf_security/src/CMakeFiles/mbedcrypto_base.dir/Users/dmitrymedvedev/ncs-workspace/modules/crypto/mbedtls/library/padlock.c.obj
[23/302] Building C object modules/nrf/subsys/nrf_security/src/CMakeFiles/mbedcrypto_base.dir/Users/dmitrymedvedev/ncs-workspace/modules/crypto/mbedtls/library/version.c.obj
[24/302] Building C object modules/nrf/subsys/nrf_security/src/CMakeFiles/mbedcrypto_base.dir/Users/dmitrymedvedev/ncs-workspace/modules/crypto/mbedtls/library/constant_time.c.obj
[25/302] Building C object modules/nrf/subsys/nrf_security/src/drivers/nrf_oberon/CMakeFiles/oberon_psa_driver.dir/Users/dmitrymedvedev/ncs-workspace/modules/crypto/oberon-psa-crypto/oberon/drivers/oberon_helpers.c.obj
[26/302] Building C object modules/nrf/subsys/nrf_security/src/drivers/nrf_oberon/CMakeFiles/oberon_psa_driver.dir/Users/dmitrymedvedev/ncs-workspace/modules/crypto/oberon-psa-crypto/oberon/drivers/oberon_ecdh.c.obj
[27/302] Building C object modules/nrf/subsys/nrf_security/src/drivers/nrf_oberon/CMakeFiles/oberon_psa_driver.dir/Users/dmitrymedvedev/ncs-workspace/modules/crypto/oberon-psa-crypto/oberon/drivers/oberon_ecdsa.c.obj
[28/302] Building C object modules/nrf/subsys/nrf_security/src/drivers/nrf_oberon/CMakeFiles/oberon_psa_driver.dir/Users/dmitrymedvedev/ncs-workspace/modules/crypto/oberon-psa-crypto/oberon/drivers/oberon_ec_keys.c.obj
[29/302] Building C object modules/nrf/subsys/nrf_security/src/drivers/nrf_oberon/CMakeFiles/oberon_psa_driver.dir/Users/dmitrymedvedev/ncs-workspace/modules/crypto/oberon-psa-crypto/oberon/drivers/oberon_jpake.c.obj
[30/302] Building C object modules/nrf/subsys/nrf_security/src/drivers/nrf_oberon/CMakeFiles/oberon_psa_driver.dir/Users/dmitrymedvedev/ncs-workspace/modules/crypto/oberon-psa-crypto/oberon/drivers/oberon_spake2p.c.obj
[31/302] Building C object modules/nrf/subsys/nrf_security/src/drivers/nrf_oberon/CMakeFiles/oberon_psa_driver.dir/Users/dmitrymedvedev/ncs-workspace/modules/crypto/oberon-psa-crypto/oberon/drivers/oberon_srp.c.obj
[32/302] Building C object modules/nrf/subsys/nrf_security/src/drivers/nrf_oberon/CMakeFiles/oberon_psa_driver.dir/Users/dmitrymedvedev/ncs-workspace/modules/crypto/oberon-psa-crypto/oberon/drivers/oberon_rsa.c.obj
[33/302] Building C object modules/nrf/subsys/nrf_security/src/drivers/nrf_oberon/CMakeFiles/oberon_psa_driver.dir/Users/dmitrymedvedev/ncs-workspace/modules/crypto/oberon-psa-crypto/oberon/drivers/oberon_wpa3_sae.c.obj
[34/302] Building C object modules/nrf/subsys/nrf_security/src/drivers/nrf_oberon/CMakeFiles/oberon_psa_driver.dir/Users/dmitrymedvedev/ncs-workspace/modules/crypto/oberon-psa-crypto/oberon/drivers/oberon_key_management.c.obj
[35/302] Building C object modules/nrf/subsys/nrf_security/src/drivers/nrf_oberon/CMakeFiles/oberon_psa_driver.dir/Users/dmitrymedvedev/ncs-workspace/modules/crypto/oberon-psa-crypto/oberon/drivers/oberon_mac.c.obj
[36/302] Building C object modules/nrf/subsys/nrf_security/src/drivers/nrf_oberon/CMakeFiles/oberon_psa_driver.dir/Users/dmitrymedvedev/ncs-workspace/modules/crypto/oberon-psa-crypto/oberon/drivers/oberon_cipher.c.obj
[37/302] Building C object modules/nrf/subsys/nrf_security/src/drivers/nrf_oberon/CMakeFiles/oberon_psa_driver.dir/Users/dmitrymedvedev/ncs-workspace/modules/crypto/oberon-psa-crypto/oberon/drivers/oberon_hash.c.obj
[38/302] Building C object modules/nrf/subsys/nrf_security/src/drivers/nrf_oberon/CMakeFiles/oberon_psa_driver.dir/Users/dmitrymedvedev/ncs-workspace/modules/crypto/oberon-psa-crypto/oberon/drivers/oberon_key_agreement.c.obj
[39/302] Building C object modules/nrf/subsys/nrf_security/src/core/nrf_oberon/CMakeFiles/oberon_psa_core.dir/Users/dmitrymedvedev/ncs-workspace/modules/crypto/oberon-psa-crypto/library/platform.c.obj
[40/302] Building C object modules/nrf/subsys/nrf_security/src/core/nrf_oberon/CMakeFiles/oberon_psa_core.dir/Users/dmitrymedvedev/ncs-workspace/modules/crypto/oberon-psa-crypto/library/platform_util.c.obj
[41/302] Building C object modules/nrf/subsys/nrf_security/src/core/nrf_oberon/CMakeFiles/oberon_psa_core.dir/Users/dmitrymedvedev/ncs-workspace/modules/crypto/oberon-psa-crypto/library/psa_crypto.c.obj
[42/302] Building C object modules/nrf/subsys/nrf_security/src/core/nrf_oberon/CMakeFiles/oberon_psa_core.dir/Users/dmitrymedvedev/ncs-workspace/modules/crypto/oberon-psa-crypto/library/psa_crypto_client.c.obj
[43/302] Building C object modules/nrf/subsys/nrf_security/src/core/nrf_oberon/CMakeFiles/oberon_psa_core.dir/Users/dmitrymedvedev/ncs-workspace/modules/crypto/oberon-psa-crypto/library/psa_crypto_slot_management.c.obj
[44/302] Building C object modules/nrf/subsys/nrf_security/src/core/nrf_oberon/CMakeFiles/oberon_psa_core.dir/Users/dmitrymedvedev/ncs-workspace/modules/crypto/oberon-psa-crypto/library/psa_crypto_storage.c.obj
[45/302] Building C object modules/nrf/subsys/nrf_security/src/core/nrf_oberon/CMakeFiles/oberon_psa_core.dir/Users/dmitrymedvedev/ncs-workspace/nrf/subsys/nrf_security/src/psa_crypto_driver_wrappers.c.obj
[46/302] Building C object modules/nrf/subsys/nrf_security/src/CMakeFiles/mbedcrypto.dir/Users/dmitrymedvedev/ncs-workspace/modules/crypto/mbedtls/library/memory_buffer_alloc.c.obj
[47/302] Building C object modules/nrf/subsys/nrf_security/src/CMakeFiles/mbedcrypto.dir/Users/dmitrymedvedev/ncs-workspace/modules/crypto/mbedtls/library/pem.c.obj
[48/302] Building C object modules/nrf/subsys/nrf_security/src/CMakeFiles/mbedcrypto.dir/Users/dmitrymedvedev/ncs-workspace/modules/crypto/mbedtls/library/pkcs12.c.obj
[49/302] Building C object modules/nrf/subsys/nrf_security/src/CMakeFiles/mbedcrypto.dir/Users/dmitrymedvedev/ncs-workspace/modules/crypto/mbedtls/library/pkcs5.c.obj
[50/302] Building C object modules/nrf/subsys/nrf_security/src/CMakeFiles/mbedcrypto.dir/Users/dmitrymedvedev/ncs-workspace/modules/crypto/mbedtls/library/pkparse.c.obj
[51/302] Building C object modules/nrf/subsys/nrf_security/src/CMakeFiles/mbedcrypto.dir/Users/dmitrymedvedev/ncs-workspace/modules/crypto/mbedtls/library/pkwrite.c.obj
[52/302] Building C object modules/nrf/subsys/nrf_security/src/CMakeFiles/mbedcrypto.dir/Users/dmitrymedvedev/ncs-workspace/modules/crypto/mbedtls/library/dhm.c.obj
[53/302] Building C object modules/nrf/subsys/nrf_security/src/CMakeFiles/mbedcrypto.dir/Users/dmitrymedvedev/ncs-workspace/modules/crypto/mbedtls/library/cipher.c.obj
[54/302] Building C object modules/nrf/subsys/nrf_security/src/CMakeFiles/mbedcrypto.dir/Users/dmitrymedvedev/ncs-workspace/modules/crypto/mbedtls/library/cipher_wrap.c.obj
[55/302] Building C object modules/nrf/subsys/nrf_security/src/CMakeFiles/mbedcrypto.dir/Users/dmitrymedvedev/ncs-workspace/modules/crypto/mbedtls/library/md.c.obj
[56/302] Building C object modules/nrf/subsys/nrf_security/src/CMakeFiles/mbedcrypto.dir/Users/dmitrymedvedev/ncs-workspace/modules/crypto/mbedtls/library/pk_wrap.c.obj
[57/302] Building C object modules/nrf/subsys/nrf_security/src/CMakeFiles/mbedcrypto.dir/Users/dmitrymedvedev/ncs-workspace/modules/crypto/mbedtls/library/pk_ecc.c.obj
[58/302] Building C object modules/nrf/subsys/nrf_security/src/CMakeFiles/mbedcrypto.dir/Users/dmitrymedvedev/ncs-workspace/modules/crypto/oberon-psa-crypto/programs/ssl/library/pk.c.obj
[59/302] Building C object modules/nrf/subsys/nrf_security/src/CMakeFiles/mbedcrypto.dir/Users/dmitrymedvedev/ncs-workspace/modules/crypto/mbedtls/library/psa_util.c.obj
[60/302] Building C object zephyr/CMakeFiles/offsets.dir/arch/arm/core/offsets/offsets.c.obj
[61/302] Linking C static library modules/nrf/subsys/nrf_security/src/libnrf_security_utils.a
[62/302] Linking C static library modules/nrf/subsys/nrf_security/src/libmbedcrypto_base.a
[63/302] Linking C static library modules/nrf/subsys/nrf_security/src/drivers/nrf_oberon/liboberon_psa_driver.a
[64/302] Linking C static library modules/nrf/subsys/nrf_security/src/core/nrf_oberon/liboberon_psa_core.a
[65/302] Linking C static library modules/nrf/subsys/nrf_security/src/libmbedcrypto.a
[66/302] Generating include/generated/zephyr/offsets.h
[67/302] Building C object zephyr/CMakeFiles/zephyr.dir/lib/crc/crc32c_sw.c.obj
[68/302] Building C object zephyr/CMakeFiles/zephyr.dir/lib/crc/crc32_sw.c.obj
[69/302] Building C object zephyr/CMakeFiles/zephyr.dir/lib/crc/crc24_sw.c.obj
[70/302] Building C object zephyr/CMakeFiles/zephyr.dir/lib/crc/crc16_sw.c.obj
[71/302] Building C object zephyr/CMakeFiles/zephyr.dir/lib/crc/crc8_sw.c.obj
[72/302] Building C object zephyr/CMakeFiles/zephyr.dir/lib/crc/crc7_sw.c.obj
[73/302] Building C object zephyr/CMakeFiles/zephyr.dir/lib/crc/crc4_sw.c.obj
[74/302] Building C object zephyr/arch/common/CMakeFiles/isr_tables.dir/isr_tables.c.obj
[75/302] Building C object zephyr/CMakeFiles/zephyr.dir/lib/heap/heap.c.obj
[76/302] Building C object zephyr/CMakeFiles/zephyr.dir/lib/os/cbprintf_packaged.c.obj
[77/302] Building C object zephyr/CMakeFiles/zephyr.dir/lib/os/printk.c.obj
[78/302] Building C object zephyr/CMakeFiles/zephyr.dir/lib/os/sem.c.obj
[79/302] Building C object zephyr/CMakeFiles/zephyr.dir/lib/os/thread_entry.c.obj
[80/302] Building C object zephyr/CMakeFiles/zephyr.dir/lib/os/cbprintf_complete.c.obj
[81/302] Building C object zephyr/CMakeFiles/zephyr.dir/lib/os/cbprintf.c.obj
[82/302] Building C object zephyr/CMakeFiles/zephyr.dir/lib/utils/dec.c.obj
[83/302] Building C object zephyr/CMakeFiles/zephyr.dir/lib/os/assert.c.obj
[84/302] Building C object zephyr/CMakeFiles/zephyr.dir/lib/os/mpsc_pbuf.c.obj
[85/302] Building C object zephyr/CMakeFiles/zephyr.dir/lib/utils/hex.c.obj
[86/302] Building C object zephyr/CMakeFiles/zephyr.dir/lib/utils/timeutil.c.obj
[87/302] Building C object zephyr/CMakeFiles/zephyr.dir/lib/utils/rb.c.obj
[88/302] Building C object zephyr/CMakeFiles/zephyr.dir/lib/utils/last_section_id.c.obj
[89/302] Building C object zephyr/CMakeFiles/zephyr.dir/lib/utils/bitarray.c.obj
[90/302] Building C object zephyr/CMakeFiles/zephyr.dir/lib/utils/onoff.c.obj
[91/302] Building C object zephyr/CMakeFiles/zephyr.dir/lib/utils/notify.c.obj
[92/302] Building C object zephyr/CMakeFiles/zephyr.dir/lib/utils/ring_buffer.c.obj
[93/302] Building C object zephyr/CMakeFiles/zephyr.dir/misc/generated/configs.c.obj
[94/302] Building C object zephyr/CMakeFiles/zephyr.dir/subsys/fs/nvs/nvs.c.obj
[95/302] Building C object zephyr/CMakeFiles/zephyr.dir/subsys/logging/log_cache.c.obj
[96/302] Building C object zephyr/CMakeFiles/zephyr.dir/subsys/logging/log_mgmt.c.obj
[97/302] Building C object zephyr/CMakeFiles/zephyr.dir/subsys/logging/log_core.c.obj
[98/302] Building C object zephyr/CMakeFiles/zephyr.dir/subsys/logging/log_msg.c.obj
[99/302] Building C object zephyr/CMakeFiles/zephyr.dir/subsys/logging/log_output.c.obj
[100/302] Building C object zephyr/CMakeFiles/zephyr.dir/subsys/logging/backends/log_backend_rtt.c.obj
[101/302] Building C object zephyr/CMakeFiles/zephyr.dir/subsys/logging/backends/log_backend_uart.c.obj
[102/302] Building C object zephyr/CMakeFiles/zephyr.dir/subsys/mem_mgmt/mem_attr.c.obj
[103/302] Building C object zephyr/CMakeFiles/zephyr.dir/subsys/storage/flash_map/flash_map.c.obj
[104/302] Building C object zephyr/CMakeFiles/zephyr.dir/subsys/storage/flash_map/flash_map_default.c.obj
[105/302] Building C object zephyr/CMakeFiles/zephyr.dir/subsys/storage/flash_map/flash_map_layout.c.obj
[106/302] Building C object zephyr/CMakeFiles/zephyr.dir/subsys/tracing/tracing_none.c.obj
[107/302] Building C object zephyr/CMakeFiles/zephyr.dir/subsys/usb/device/usb_descriptor.c.obj
[108/302] Building C object zephyr/CMakeFiles/zephyr.dir/subsys/usb/device/usb_device.c.obj
[109/302] Building C object zephyr/CMakeFiles/zephyr.dir/subsys/usb/device/usb_transfer.c.obj
[110/302] Building C object zephyr/CMakeFiles/zephyr.dir/subsys/usb/device/usb_work_q.c.obj
[111/302] Building C object zephyr/CMakeFiles/zephyr.dir/subsys/settings/src/settings_store.c.obj
[112/302] Building C object zephyr/CMakeFiles/zephyr.dir/subsys/settings/src/settings.c.obj
[113/302] Building C object zephyr/CMakeFiles/zephyr.dir/subsys/settings/src/settings_init.c.obj
[114/302] Building C object zephyr/CMakeFiles/zephyr.dir/subsys/usb/device/class/cdc_acm.c.obj
[115/302] Building C object zephyr/CMakeFiles/zephyr.dir/subsys/settings/src/settings_line.c.obj
[116/302] Building C object zephyr/CMakeFiles/zephyr.dir/subsys/settings/src/settings_nvs.c.obj
[117/302] Building C object zephyr/CMakeFiles/zephyr.dir/drivers/flash/flash_util.c.obj
[118/302] Building C object zephyr/CMakeFiles/zephyr.dir/Users/dmitrymedvedev/ncs-workspace/nrf/lib/boot_banner/banner.c.obj
[119/302] Building C object zephyr/CMakeFiles/zephyr.dir/Users/dmitrymedvedev/ncs-workspace/nrf/subsys/bluetooth/hci_vs_sdc.c.obj
[120/302] Building C object zephyr/CMakeFiles/zephyr.dir/Users/dmitrymedvedev/ncs-workspace/nrf/subsys/bluetooth/host_extensions/host_extensions.c.obj
[121/302] Building C object zephyr/CMakeFiles/zephyr.dir/Users/dmitrymedvedev/ncs-workspace/nrfxlib/crypto/nrf_cc310_platform/src/nrf_cc3xx_platform_abort_zephyr.c.obj
[122/302] Building C object zephyr/CMakeFiles/zephyr.dir/Users/dmitrymedvedev/ncs-workspace/nrfxlib/crypto/nrf_cc310_platform/src/nrf_cc3xx_platform_mutex_zephyr.c.obj
[123/302] Building C object zephyr/arch/common/CMakeFiles/arch__common.dir/sw_isr_common.c.obj
[124/302] Building C object zephyr/arch/arch/arm/core/CMakeFiles/arch__arm__core.dir/fatal.c.obj
[125/302] Building ASM object zephyr/arch/arch/arm/core/CMakeFiles/arch__arm__core.dir/nmi_on_reset.S.obj
[126/302] Building C object zephyr/arch/arch/arm/core/CMakeFiles/arch__arm__core.dir/nmi.c.obj
[127/302] Building ASM object zephyr/arch/arch/arm/core/cortex_m/CMakeFiles/arch__arm__core__cortex_m.dir/fault_s.S.obj
[128/302] Building C object zephyr/arch/arch/arm/core/cortex_m/CMakeFiles/arch__arm__core__cortex_m.dir/exc_exit.c.obj
[129/302] Building C object zephyr/arch/arch/arm/core/cortex_m/CMakeFiles/arch__arm__core__cortex_m.dir/fault.c.obj
[130/302] Building C object zephyr/arch/arch/arm/core/cortex_m/CMakeFiles/arch__arm__core__cortex_m.dir/fpu.c.obj
[131/302] Building ASM object zephyr/arch/arch/arm/core/cortex_m/CMakeFiles/arch__arm__core__cortex_m.dir/reset.S.obj
[132/302] Building C object zephyr/arch/arch/arm/core/cortex_m/CMakeFiles/arch__arm__core__cortex_m.dir/scb.c.obj
[133/302] Building ASM object zephyr/arch/arch/arm/core/cortex_m/CMakeFiles/arch__arm__core__cortex_m.dir/vector_table.S.obj
[134/302] Building C object zephyr/arch/arch/arm/core/cortex_m/CMakeFiles/arch__arm__core__cortex_m.dir/thread_abort.c.obj
[135/302] Building ASM object zephyr/arch/arch/arm/core/cortex_m/CMakeFiles/arch__arm__core__cortex_m.dir/swap_helper.S.obj
[136/302] Building C object zephyr/arch/arch/arm/core/cortex_m/CMakeFiles/arch__arm__core__cortex_m.dir/irq_manage.c.obj
[137/302] Building C object zephyr/arch/arch/arm/core/cortex_m/CMakeFiles/arch__arm__core__cortex_m.dir/prep_c.c.obj
[138/302] Building C object zephyr/arch/arch/arm/core/cortex_m/CMakeFiles/arch__arm__core__cortex_m.dir/thread.c.obj
[139/302] Building C object zephyr/arch/arch/arm/core/cortex_m/CMakeFiles/arch__arm__core__cortex_m.dir/cpu_idle.c.obj
[140/302] Building C object zephyr/arch/arch/arm/core/cortex_m/CMakeFiles/arch__arm__core__cortex_m.dir/irq_init.c.obj
[141/302] Building C object zephyr/arch/arch/arm/core/cortex_m/CMakeFiles/arch__arm__core__cortex_m.dir/isr_wrapper.c.obj
[142/302] Building C object zephyr/arch/arch/arm/core/mpu/CMakeFiles/arch__arm__core__mpu.dir/arm_core_mpu.c.obj
[143/302] Building C object zephyr/arch/arch/arm/core/mpu/CMakeFiles/arch__arm__core__mpu.dir/arm_mpu_regions.c.obj
[144/302] Building C object zephyr/lib/libc/newlib/CMakeFiles/lib__libc__newlib.dir/libc-hooks.c.obj
[145/302] Building C object zephyr/lib/libc/common/CMakeFiles/lib__libc__common.dir/source/stdlib/abort.c.obj
[146/302] Building C object zephyr/arch/arch/arm/core/mpu/CMakeFiles/arch__arm__core__mpu.dir/arm_mpu.c.obj
[147/302] Building C object zephyr/lib/net_buf/CMakeFiles/lib__net_buf.dir/buf.c.obj
[148/302] Building C object zephyr/lib/net_buf/CMakeFiles/lib__net_buf.dir/buf_simple.c.obj
[149/302] Building C object zephyr/soc/soc/nrf52840/CMakeFiles/soc__nordic.dir/validate_base_addresses.c.obj
[150/302] Building C object zephyr/soc/soc/nrf52840/CMakeFiles/soc__nordic.dir/validate_binding_headers.c.obj
[151/302] Building C object zephyr/soc/soc/nrf52840/CMakeFiles/soc__nordic.dir/validate_enabled_instances.c.obj
[152/302] Building C object zephyr/soc/soc/nrf52840/CMakeFiles/soc__nordic.dir/nrf52/soc.c.obj
[153/302] Building C object zephyr/soc/soc/nrf52840/CMakeFiles/soc__nordic.dir/common/reboot.c.obj
[154/302] Building C object zephyr/boards/nordic/nrf52840dongle/CMakeFiles/boards__nordic__nrf52840dongle.dir/board.c.obj
[155/302] Building C object zephyr/subsys/random/CMakeFiles/subsys__random.dir/random_xoshiro128.c.obj
[156/302] Building C object zephyr/subsys/random/CMakeFiles/subsys__random.dir/random_entropy_device.c.obj
[157/302] Building C object zephyr/subsys/usb/device/class/hid/CMakeFiles/subsys__usb__device__class__hid.dir/core.c.obj
[158/302] Building C object zephyr/subsys/bluetooth/common/CMakeFiles/subsys__bluetooth__common.dir/addr.c.obj
[159/302] Building C object zephyr/subsys/bluetooth/common/CMakeFiles/subsys__bluetooth__common.dir/dummy.c.obj
[160/302] Building C object zephyr/subsys/bluetooth/common/CMakeFiles/subsys__bluetooth__common.dir/bt_str.c.obj
[161/302] Building C object zephyr/subsys/bluetooth/common/CMakeFiles/subsys__bluetooth__common.dir/rpa.c.obj
[162/302] Building C object zephyr/subsys/bluetooth/host/CMakeFiles/subsys__bluetooth__host.dir/long_wq.c.obj
[163/302] Building C object zephyr/subsys/bluetooth/host/CMakeFiles/subsys__bluetooth__host.dir/uuid.c.obj
[164/302] Building C object zephyr/subsys/bluetooth/host/CMakeFiles/subsys__bluetooth__host.dir/addr.c.obj
[165/302] Building C object zephyr/subsys/bluetooth/host/CMakeFiles/subsys__bluetooth__host.dir/buf.c.obj
[166/302] Building C object zephyr/subsys/bluetooth/host/CMakeFiles/subsys__bluetooth__host.dir/data.c.obj
[167/302] Building C object zephyr/subsys/bluetooth/host/CMakeFiles/subsys__bluetooth__host.dir/hci_common.c.obj
[168/302] Building C object zephyr/subsys/bluetooth/host/CMakeFiles/subsys__bluetooth__host.dir/hci_core.c.obj
[169/302] Building C object zephyr/subsys/bluetooth/host/CMakeFiles/subsys__bluetooth__host.dir/id.c.obj
[170/302] Building C object zephyr/subsys/bluetooth/host/CMakeFiles/subsys__bluetooth__host.dir/scan.c.obj
[171/302] Building C object zephyr/subsys/bluetooth/host/CMakeFiles/subsys__bluetooth__host.dir/ecc.c.obj
[172/302] Building C object zephyr/subsys/bluetooth/host/CMakeFiles/subsys__bluetooth__host.dir/conn.c.obj
[173/302] Building C object zephyr/subsys/bluetooth/host/CMakeFiles/subsys__bluetooth__host.dir/l2cap.c.obj
[174/302] Linking C static library zephyr/arch/common/libisr_tables.a
[175/302] Building C object zephyr/subsys/bluetooth/host/CMakeFiles/subsys__bluetooth__host.dir/att.c.obj
[176/302] Building C object zephyr/subsys/bluetooth/host/CMakeFiles/subsys__bluetooth__host.dir/gatt.c.obj
[177/302] Building C object zephyr/subsys/bluetooth/host/CMakeFiles/subsys__bluetooth__host.dir/keys.c.obj
[178/302] Building C object zephyr/subsys/bluetooth/host/CMakeFiles/subsys__bluetooth__host.dir/smp.c.obj
[179/302] Building C object zephyr/subsys/bluetooth/crypto/CMakeFiles/subsys__bluetooth__crypto.dir/bt_crypto.c.obj
[180/302] Generating linker_zephyr_pre0.cmd
[181/302] Building C object zephyr/subsys/bluetooth/crypto/CMakeFiles/subsys__bluetooth__crypto.dir/bt_crypto_psa.c.obj
[182/302] Building C object zephyr/drivers/usb/device/CMakeFiles/drivers__usb__device.dir/usb_dc_nrfx.c.obj
[183/302] Building C object zephyr/drivers/usb/common/nrf_usbd_common/CMakeFiles/drivers__usb__common__nrf_usbd_common.dir/nrf_usbd_common.c.obj
[184/302] Building C object zephyr/drivers/clock_control/CMakeFiles/drivers__clock_control.dir/clock_control_nrf.c.obj
[185/302] Building C object zephyr/drivers/console/CMakeFiles/drivers__console.dir/rtt_console.c.obj
[186/302] Building C object zephyr/drivers/console/CMakeFiles/drivers__console.dir/uart_console.c.obj
[187/302] Building C object zephyr/drivers/entropy/CMakeFiles/drivers__entropy.dir/entropy_nrf5.c.obj
[188/302] Building C object zephyr/drivers/entropy/CMakeFiles/drivers__entropy.dir/entropy_bt_hci.c.obj
[189/302] Building C object zephyr/drivers/entropy/CMakeFiles/drivers__entropy.dir/Users/dmitrymedvedev/ncs-workspace/nrf/drivers/entropy/entropy_cc3xx.c.obj
[190/302] Building C object zephyr/drivers/flash/CMakeFiles/drivers__flash.dir/flash_page_layout.c.obj
[191/302] Building C object zephyr/drivers/flash/CMakeFiles/drivers__flash.dir/soc_flash_nrf.c.obj
[192/302] Building C object zephyr/drivers/gpio/CMakeFiles/drivers__gpio.dir/gpio_nrfx.c.obj
[193/302] Building C object zephyr/drivers/pinctrl/CMakeFiles/drivers__pinctrl.dir/common.c.obj
[194/302] Building C object zephyr/drivers/hwinfo/CMakeFiles/drivers__hwinfo.dir/hwinfo_nrf.c.obj
[195/302] Building C object zephyr/drivers/pinctrl/CMakeFiles/drivers__pinctrl.dir/pinctrl_nrf.c.obj
[196/302] Building C object zephyr/drivers/serial/CMakeFiles/drivers__serial.dir/Users/dmitrymedvedev/ncs-workspace/zephyr/misc/empty_file.c.obj
[197/302] Building C object zephyr/drivers/hwinfo/CMakeFiles/drivers__hwinfo.dir/hwinfo_weak_impl.c.obj
[198/302] Building C object zephyr/drivers/serial/CMakeFiles/drivers__serial.dir/uart_nrfx_uarte.c.obj
[199/302] Building C object zephyr/drivers/timer/CMakeFiles/drivers__timer.dir/sys_clock_init.c.obj
[200/302] Building C object zephyr/drivers/timer/CMakeFiles/drivers__timer.dir/nrf_rtc_timer.c.obj
[201/302] Building C object modules/nrf/lib/multithreading_lock/CMakeFiles/..__nrf__lib__multithreading_lock.dir/multithreading_lock.c.obj
[202/302] Building C object modules/nrf/subsys/bluetooth/controller/CMakeFiles/..__nrf__subsys__bluetooth__controller.dir/hci_driver.c.obj
[203/302] Building C object modules/nrf/subsys/bluetooth/controller/CMakeFiles/..__nrf__subsys__bluetooth__controller.dir/hci_internal.c.obj
[204/302] Building C object modules/nrf/subsys/bluetooth/controller/CMakeFiles/..__nrf__subsys__bluetooth__controller.dir/hci_internal_wrappers.c.obj
[205/302] Building C object modules/nrf/subsys/bluetooth/controller/CMakeFiles/..__nrf__subsys__bluetooth__controller.dir/crypto.c.obj
[206/302] Building C object modules/nrf/subsys/nrf_security/src/zephyr/CMakeFiles/mbedtls_zephyr.dir/mbedtls_heap.c.obj
[207/302] Building C object modules/nrf/subsys/nrf_security/src/zephyr/CMakeFiles/mbedtls_zephyr.dir/psa_crypto_init.c.obj
[208/302] Building C object modules/nrf/subsys/mpsl/init/CMakeFiles/..__nrf__subsys__mpsl__init.dir/mpsl_init.c.obj
[209/302] Building C object modules/nrf/subsys/mpsl/fem/CMakeFiles/..__nrf__subsys__mpsl__fem.dir/api_init/mpsl_fem_api_init.c.obj
[210/302] Building C object modules/nrf/drivers/hw_cc3xx/CMakeFiles/..__nrf__drivers__hw_cc3xx.dir/hw_cc3xx.c.obj
[211/302] Building C object modules/nrf/drivers/mpsl/clock_control/CMakeFiles/..__nrf__drivers__mpsl__clock_control.dir/nrfx_clock_mpsl.c.obj
[212/302] Building C object modules/nrf/drivers/mpsl/flash_sync/CMakeFiles/..__nrf__drivers__mpsl__flash_sync.dir/flash_sync_mpsl.c.obj
[213/302] Building C object modules/hal_nordic/modules/hal_nordic/nrfx/CMakeFiles/modules__hal_nordic__nrfx.dir/Users/dmitrymedvedev/ncs-workspace/modules/hal/nordic/nrfx/mdk/system_nrf52840.c.obj
[214/302] Building C object modules/hal_nordic/modules/hal_nordic/nrfx/CMakeFiles/modules__hal_nordic__nrfx.dir/nrfx_glue.c.obj
[215/302] Building C object modules/hal_nordic/modules/hal_nordic/nrfx/CMakeFiles/modules__hal_nordic__nrfx.dir/Users/dmitrymedvedev/ncs-workspace/modules/hal/nordic/nrfx/helpers/nrfx_flag32_allocator.c.obj
[216/302] Building C object modules/hal_nordic/modules/hal_nordic/nrfx/CMakeFiles/modules__hal_nordic__nrfx.dir/Users/dmitrymedvedev/ncs-workspace/modules/hal/nordic/nrfx/helpers/nrfx_ram_ctrl.c.obj
[217/302] Building C object modules/hal_nordic/modules/hal_nordic/nrfx/CMakeFiles/modules__hal_nordic__nrfx.dir/Users/dmitrymedvedev/ncs-workspace/modules/hal/nordic/nrfx/helpers/nrfx_gppi_dppi.c.obj
[218/302] Building C object modules/hal_nordic/modules/hal_nordic/nrfx/CMakeFiles/modules__hal_nordic__nrfx.dir/Users/dmitrymedvedev/ncs-workspace/modules/hal/nordic/nrfx/helpers/nrfx_gppi_ppi.c.obj
[219/302] Building C object modules/hal_nordic/modules/hal_nordic/nrfx/CMakeFiles/modules__hal_nordic__nrfx.dir/Users/dmitrymedvedev/ncs-workspace/modules/hal/nordic/nrfx/drivers/src/nrfx_gpiote.c.obj
[220/302] Building C object modules/hal_nordic/modules/hal_nordic/nrfx/CMakeFiles/modules__hal_nordic__nrfx.dir/Users/dmitrymedvedev/ncs-workspace/modules/hal/nordic/nrfx/drivers/src/nrfx_nvmc.c.obj
[221/302] Building C object modules/hal_nordic/modules/hal_nordic/nrfx/CMakeFiles/modules__hal_nordic__nrfx.dir/Users/dmitrymedvedev/ncs-workspace/modules/hal/nordic/nrfx/drivers/src/nrfx_power.c.obj
[222/302] Building C object modules/segger/CMakeFiles/modules__segger.dir/Users/dmitrymedvedev/ncs-workspace/modules/debug/segger/SEGGER/SEGGER_RTT.c.obj
[223/302] Building C object modules/hal_nordic/modules/hal_nordic/nrfx/CMakeFiles/modules__hal_nordic__nrfx.dir/Users/dmitrymedvedev/ncs-workspace/modules/hal/nordic/nrfx/drivers/src/nrfx_ppi.c.obj
[224/302] Building C object zephyr/kernel/CMakeFiles/kernel.dir/main_weak.c.obj
[225/302] Building C object zephyr/kernel/CMakeFiles/kernel.dir/banner.c.obj
[226/302] Building C object modules/segger/CMakeFiles/modules__segger.dir/SEGGER_RTT_zephyr.c.obj
[227/302] Building C object zephyr/kernel/CMakeFiles/kernel.dir/busy_wait.c.obj
[228/302] Building C object zephyr/kernel/CMakeFiles/kernel.dir/device.c.obj
[229/302] Building C object zephyr/kernel/CMakeFiles/kernel.dir/errno.c.obj
[230/302] Building C object zephyr/kernel/CMakeFiles/kernel.dir/fatal.c.obj
[231/302] Building C object zephyr/kernel/CMakeFiles/kernel.dir/init.c.obj
[232/302] Building C object zephyr/kernel/CMakeFiles/kernel.dir/init_static.c.obj
[233/302] Building C object zephyr/kernel/CMakeFiles/kernel.dir/kheap.c.obj
[234/302] Building C object zephyr/kernel/CMakeFiles/kernel.dir/mem_slab.c.obj
[235/302] Building C object zephyr/kernel/CMakeFiles/kernel.dir/version.c.obj
[236/302] Building C object zephyr/kernel/CMakeFiles/kernel.dir/float.c.obj
[237/302] Building C object zephyr/kernel/CMakeFiles/kernel.dir/idle.c.obj
[238/302] Building C object zephyr/kernel/CMakeFiles/kernel.dir/mailbox.c.obj
[239/302] Building C object zephyr/kernel/CMakeFiles/kernel.dir/msg_q.c.obj
[240/302] Building C object zephyr/kernel/CMakeFiles/kernel.dir/mutex.c.obj
[241/302] Building C object zephyr/kernel/CMakeFiles/kernel.dir/queue.c.obj
[242/302] Building C object zephyr/kernel/CMakeFiles/kernel.dir/sem.c.obj
[243/302] Building C object zephyr/kernel/CMakeFiles/kernel.dir/stack.c.obj
[244/302] Building C object zephyr/kernel/CMakeFiles/kernel.dir/system_work_q.c.obj
[245/302] Building C object zephyr/kernel/CMakeFiles/kernel.dir/work.c.obj
[246/302] Building C object zephyr/kernel/CMakeFiles/kernel.dir/condvar.c.obj
[247/302] Building C object zephyr/kernel/CMakeFiles/kernel.dir/priority_queues.c.obj
[248/302] Building C object zephyr/kernel/CMakeFiles/kernel.dir/thread.c.obj
[249/302] Building C object zephyr/kernel/CMakeFiles/kernel.dir/sched.c.obj
[250/302] Building C object zephyr/kernel/CMakeFiles/kernel.dir/timeslicing.c.obj
[251/302] Building C object zephyr/kernel/CMakeFiles/kernel.dir/xip.c.obj
[252/302] Building C object zephyr/kernel/CMakeFiles/kernel.dir/timeout.c.obj
[253/302] Building C object zephyr/kernel/CMakeFiles/kernel.dir/timer.c.obj
[254/302] Building C object zephyr/kernel/CMakeFiles/kernel.dir/poll.c.obj
[255/302] Building C object zephyr/kernel/CMakeFiles/kernel.dir/mempool.c.obj
[256/302] Building C object zephyr/kernel/CMakeFiles/kernel.dir/dynamic_disabled.c.obj
[257/302] Building C object zephyr/CMakeFiles/zephyr_pre0.dir/misc/empty_file.c.obj
[258/302] Linking C static library zephyr/arch/common/libarch__common.a
[259/302] Linking C static library zephyr/arch/arch/arm/core/mpu/libarch__arm__core__mpu.a
[260/302] Linking C static library zephyr/arch/arch/arm/core/libarch__arm__core.a
[261/302] Linking C static library zephyr/lib/libc/newlib/liblib__libc__newlib.a
[262/302] Linking C static library zephyr/boards/nordic/nrf52840dongle/libboards__nordic__nrf52840dongle.a
[263/302] Linking C static library zephyr/lib/libc/common/liblib__libc__common.a
[264/302] Linking C static library zephyr/subsys/random/libsubsys__random.a
[265/302] Linking C static library zephyr/lib/net_buf/liblib__net_buf.a
[266/302] Linking C static library zephyr/subsys/usb/device/class/hid/libsubsys__usb__device__class__hid.a
[267/302] Linking C static library zephyr/soc/soc/nrf52840/libsoc__nordic.a
[268/302] Linking C static library zephyr/arch/arch/arm/core/cortex_m/libarch__arm__core__cortex_m.a
[269/302] Linking C static library zephyr/subsys/bluetooth/common/libsubsys__bluetooth__common.a
[270/302] Linking C static library zephyr/drivers/usb/common/nrf_usbd_common/libdrivers__usb__common__nrf_usbd_common.a
[271/302] Linking C static library zephyr/drivers/console/libdrivers__console.a
[272/302] Linking C static library zephyr/drivers/usb/device/libdrivers__usb__device.a
[273/302] Linking C static library zephyr/drivers/clock_control/libdrivers__clock_control.a
[274/302] Linking C static library zephyr/subsys/bluetooth/crypto/libsubsys__bluetooth__crypto.a
[275/302] Linking C static library zephyr/drivers/flash/libdrivers__flash.a
[276/302] Linking C static library zephyr/drivers/gpio/libdrivers__gpio.a
[277/302] Linking C static library zephyr/drivers/entropy/libdrivers__entropy.a
[278/302] Linking C static library zephyr/drivers/hwinfo/libdrivers__hwinfo.a
[279/302] Linking C static library zephyr/drivers/pinctrl/libdrivers__pinctrl.a
[280/302] Linking C static library zephyr/drivers/serial/libdrivers__serial.a
[281/302] Linking C static library zephyr/libzephyr.a
[282/302] Linking C static library zephyr/subsys/bluetooth/host/libsubsys__bluetooth__host.a
[283/302] Linking C static library zephyr/drivers/timer/libdrivers__timer.a
[284/302] Linking C static library modules/nrf/lib/multithreading_lock/lib..__nrf__lib__multithreading_lock.a
[285/302] Linking C static library modules/nrf/subsys/mpsl/init/lib..__nrf__subsys__mpsl__init.a
[286/302] Linking C static library modules/nrf/subsys/nrf_security/src/zephyr/libmbedtls_zephyr.a
[287/302] Linking C static library modules/nrf/drivers/hw_cc3xx/lib..__nrf__drivers__hw_cc3xx.a
[288/302] Linking C static library modules/nrf/drivers/mpsl/clock_control/lib..__nrf__drivers__mpsl__clock_control.a
[289/302] Linking C static library modules/nrf/subsys/mpsl/fem/lib..__nrf__subsys__mpsl__fem.a
[290/302] Linking C static library modules/nrf/subsys/bluetooth/controller/lib..__nrf__subsys__bluetooth__controller.a
[291/302] Linking C static library modules/nrf/drivers/mpsl/flash_sync/lib..__nrf__drivers__mpsl__flash_sync.a
[292/302] Linking C static library modules/segger/libmodules__segger.a
[293/302] Linking C static library modules/hal_nordic/modules/hal_nordic/nrfx/libmodules__hal_nordic__nrfx.a
[294/302] Linking C static library zephyr/kernel/libkernel.a
[295/302] Building C object CMakeFiles/app.dir/src/main.c.obj
FAILED: [code=1] CMakeFiles/app.dir/src/main.c.obj 
ccache /Users/dmitrymedvedev/zephyr-sdk/zephyr-sdk-0.17.2/arm-zephyr-eabi/bin/arm-zephyr-eabi-gcc -DKERNEL -DK_HEAP_MEM_POOL_SIZE=0 -DMBEDTLS_CONFIG_FILE=\"nrf-config.h\" -DMBEDTLS_PSA_CRYPTO_CONFIG_FILE=\"nrf-psa-crypto-config.h\" -DMBEDTLS_PSA_CRYPTO_USER_CONFIG_FILE=\"nrf-psa-crypto-user-config.h\" -DNRF52840_XXAA -D_ANSI_SOURCE -D__LINUX_ERRNO_EXTENSIONS__ -D__PROGRAM_START -D__ZEPHYR__=1 -I/Users/dmitrymedvedev/ncs-workspace/nrf/drivers/mpsl/clock_control -I/Users/dmitrymedvedev/projects/kinesis-bridge-zmk/build/zephyr/include/generated/zephyr -I/Users/dmitrymedvedev/ncs-workspace/zephyr/include -I/Users/dmitrymedvedev/projects/kinesis-bridge-zmk/build/zephyr/include/generated -I/Users/dmitrymedvedev/ncs-workspace/zephyr/soc/nordic -I/Users/dmitrymedvedev/ncs-workspace/zephyr/lib/libc/newlib/include -I/Users/dmitrymedvedev/ncs-workspace/zephyr/soc/nordic/nrf52/. -I/Users/dmitrymedvedev/ncs-workspace/zephyr/soc/nordic/common/. -I/Users/dmitrymedvedev/ncs-workspace/zephyr/subsys/usb/device -I/Users/dmitrymedvedev/ncs-workspace/zephyr/subsys/bluetooth -I/Users/dmitrymedvedev/ncs-workspace/zephyr/subsys/settings/include -I/Users/dmitrymedvedev/ncs-workspace/zephyr/drivers/usb/common/nrf_usbd_common/. -I/Users/dmitrymedvedev/ncs-workspace/nrf/include -I/Users/dmitrymedvedev/ncs-workspace/nrf/lib/multithreading_lock/. -I/Users/dmitrymedvedev/ncs-workspace/nrf/subsys/bluetooth/controller/. -I/Users/dmitrymedvedev/ncs-workspace/nrf/subsys/settings/include -I/Users/dmitrymedvedev/ncs-workspace/zephyr/drivers/flash -I/Users/dmitrymedvedev/ncs-workspace/nrf/tests/include -I/Users/dmitrymedvedev/ncs-workspace/modules/hal/cmsis/CMSIS/Core/Include -I/Users/dmitrymedvedev/ncs-workspace/zephyr/modules/cmsis/. -I/Users/dmitrymedvedev/ncs-workspace/nrf/modules/hal_nordic/. -I/Users/dmitrymedvedev/ncs-workspace/modules/hal/nordic/nrfx -I/Users/dmitrymedvedev/ncs-workspace/modules/hal/nordic/nrfx/drivers/include -I/Users/dmitrymedvedev/ncs-workspace/modules/hal/nordic/nrfx/mdk -I/Users/dmitrymedvedev/ncs-workspace/zephyr/modules/hal_nordic/nrfx/. -I/Users/dmitrymedvedev/ncs-workspace/modules/debug/segger/SEGGER -I/Users/dmitrymedvedev/ncs-workspace/modules/debug/segger/Config -I/Users/dmitrymedvedev/ncs-workspace/nrfxlib/softdevice_controller/include -I/Users/dmitrymedvedev/ncs-workspace/nrfxlib/mpsl/fem/common/include -I/Users/dmitrymedvedev/ncs-workspace/nrfxlib/mpsl/fem/nrf21540_gpio/include -I/Users/dmitrymedvedev/ncs-workspace/nrfxlib/mpsl/fem/nrf21540_gpio_spi/include -I/Users/dmitrymedvedev/ncs-workspace/nrfxlib/mpsl/fem/nrf2220/include -I/Users/dmitrymedvedev/ncs-workspace/nrfxlib/mpsl/fem/nrf2240/include -I/Users/dmitrymedvedev/ncs-workspace/nrfxlib/mpsl/fem/nrf22xx/include -I/Users/dmitrymedvedev/ncs-workspace/nrfxlib/mpsl/fem/simple_gpio/include -I/Users/dmitrymedvedev/ncs-workspace/nrfxlib/mpsl/fem/include -I/Users/dmitrymedvedev/ncs-workspace/nrfxlib/mpsl/fem/include/protocol -I/Users/dmitrymedvedev/ncs-workspace/nrfxlib/mpsl/include -I/Users/dmitrymedvedev/ncs-workspace/nrfxlib/mpsl/include/protocol -I/Users/dmitrymedvedev/projects/kinesis-bridge-zmk/build/generated/library_nrf_security_psa -I/Users/dmitrymedvedev/ncs-workspace/nrf/subsys/nrf_security/include -I/Users/dmitrymedvedev/ncs-workspace/modules/crypto/oberon-psa-crypto/oberon/drivers -I/Users/dmitrymedvedev/ncs-workspace/nrf/subsys/nrf_security/src/utils -I/Users/dmitrymedvedev/ncs-workspace/modules/crypto/oberon-psa-crypto/include -I/Users/dmitrymedvedev/ncs-workspace/modules/crypto/oberon-psa-crypto/library -I/Users/dmitrymedvedev/ncs-workspace/modules/crypto/mbedtls/library -I/Users/dmitrymedvedev/ncs-workspace/modules/crypto/mbedtls/include -I/Users/dmitrymedvedev/ncs-workspace/modules/crypto/mbedtls/include/library -I/Users/dmitrymedvedev/ncs-workspace/nrfxlib/crypto/nrf_oberon/include -I/Users/dmitrymedvedev/ncs-workspace/nrfxlib/crypto/nrf_oberon/include/mbedtls -isystem /Users/dmitrymedvedev/ncs-workspace/zephyr/lib/libc/common/include -isystem /Users/dmitrymedvedev/ncs-workspace/nrfxlib/crypto/nrf_cc310_platform/include -fno-strict-aliasing -Os -imacros /Users/dmitrymedvedev/projects/kinesis-bridge-zmk/build/zephyr/include/generated/zephyr/autoconf.h -fno-common -g -gdwarf-4 -fdiagnostics-color=always -mcpu=cortex-m4 -mthumb -mabi=aapcs -mfp16-format=ieee --sysroot=/Users/dmitrymedvedev/zephyr-sdk/zephyr-sdk-0.17.2/arm-zephyr-eabi/arm-zephyr-eabi -imacros /Users/dmitrymedvedev/ncs-workspace/zephyr/include/zephyr/toolchain/zephyr_stdint.h -Wall -Wformat -Wformat-security -Wno-format-zero-length -Wdouble-promotion -Wno-pointer-sign -Wpointer-arith -Wexpansion-to-defined -Wno-unused-but-set-variable -Werror=implicit-int -fno-pic -fno-pie -fno-asynchronous-unwind-tables -fno-reorder-functions --param=min-pagesize=0 -fno-defer-pop -fmacro-prefix-map=/Users/dmitrymedvedev/projects/kinesis-bridge-zmk=CMAKE_SOURCE_DIR -fmacro-prefix-map=/Users/dmitrymedvedev/ncs-workspace/zephyr=ZEPHYR_BASE -fmacro-prefix-map=/Users/dmitrymedvedev/ncs-workspace=WEST_TOPDIR -ffunction-sections -fdata-sections -std=c99 -MD -MT CMakeFiles/app.dir/src/main.c.obj -MF CMakeFiles/app.dir/src/main.c.obj.d -o CMakeFiles/app.dir/src/main.c.obj -c /Users/dmitrymedvedev/projects/kinesis-bridge-zmk/src/main.c
/Users/dmitrymedvedev/projects/kinesis-bridge-zmk/src/main.c: In function 'discover_func':
/Users/dmitrymedvedev/projects/kinesis-bridge-zmk/src/main.c:170:17: error: 'discover_params' undeclared (first use in this function)
  170 |                 discover_params.uuid = &uuid_report.uuid;
      |                 ^~~~~~~~~~~~~~~
/Users/dmitrymedvedev/projects/kinesis-bridge-zmk/src/main.c:170:17: note: each undeclared identifier is reported only once for each function it appears in
ninja: build stopped: subcommand failed.
FATAL ERROR: command exited with status 1: /usr/local/bin/cmake --build /Users/dmitrymedvedev/projects/kinesis-bridge-zmk/build
